<?xml version="1.0" encoding="UTF-8"?>
<!-- Generated by org.testng.reporters.JUnitReportReporter -->
<testsuite skipped="0" hostname="DESKTOP-21FFQT1" name="StringWorkerTest" tests="2" failures="0" timestamp="16 мая 2021 23:00:00 GMT" time="0.001" errors="0">
  <testcase name="setStringWorker1Test" time="0.001" classname="StringWorkerTest"/>
  <testcase name="setStringWorker2Test" time="0.000" classname="StringWorkerTest"/>
</testsuite> <!-- StringWorkerTest -->
