<?xml version="1.0" encoding="UTF-8"?>
<!-- Generated by org.testng.reporters.JUnitReportReporter -->
<testsuite skipped="0" hostname="DESKTOP-21FFQT1" name="CalculatorTest" tests="6" failures="0" timestamp="16 мая 2021 23:00:00 GMT" time="0.023" errors="0">
  <testcase name="test1Sum" time="0.017" classname="CalculatorTest"/>
  <testcase name="test2Multiply" time="0.000" classname="CalculatorTest"/>
  <testcase name="test3Multiply" time="0.000" classname="CalculatorTest"/>
  <testcase name="test1Multiply" time="0.003" classname="CalculatorTest"/>
  <testcase name="test2Sum" time="0.001" classname="CalculatorTest"/>
  <testcase name="test3Sum" time="0.002" classname="CalculatorTest"/>
</testsuite> <!-- CalculatorTest -->
